<?xml version="1.0" encoding="UTF-8"?>
<!-- Generated by org.testng.reporters.JUnitReportReporter -->
<testsuite hostname="DESKTOP-1F690BU" failures="0" tests="7" name="fitpeoAutomation.fitpeoTask" time="27.206" errors="0" timestamp="2024-11-27T19:01:16 IST" skipped="0">
  <testcase classname="fitpeoAutomation.fitpeoTask" name="navigateToFitPeoHomePage" time="2.635"/>
  <testcase classname="fitpeoAutomation.fitpeoTask" name="navigateToRevenueCalculatorPage" time="0.703"/>
  <testcase classname="fitpeoAutomation.fitpeoTask" name="scrollDownToSlider" time="0.117"/>
  <testcase classname="fitpeoAutomation.fitpeoTask" name="adjustSliderValue" time="22.323"/>
  <testcase classname="fitpeoAutomation.fitpeoTask" name="updateTextField" time="0.435"/>
  <testcase classname="fitpeoAutomation.fitpeoTask" name="selectCPTCodes" time="0.342"/>
  <testcase classname="fitpeoAutomation.fitpeoTask" name="validateTotalRecurringReimbursement" time="0.651"/>
</testsuite> <!-- fitpeoAutomation.fitpeoTask -->
