<?xml version="1.0" encoding="UTF-8"?>
<!-- Generated by org.testng.reporters.JUnitReportReporter -->
<testsuite hostname="DESKTOP-1F690BU" failures="0" tests="6" name="fitpeoAutomation.test" time="32.435" errors="0" timestamp="2024-11-27T20:23:51 IST" skipped="0">
  <testcase classname="fitpeoAutomation.test" name="navigateToFitpeo" time="5.864"/>
  <testcase classname="fitpeoAutomation.test" name="navigateToRevenueCalculator" time="1.248"/>
  <testcase classname="fitpeoAutomation.test" name="scrollToSliderAdjustSliderValue" time="23.832"/>
  <testcase classname="fitpeoAutomation.test" name="updateTextField" time="0.369"/>
  <testcase classname="fitpeoAutomation.test" name="selectCPTCodes" time="0.516"/>
  <testcase classname="fitpeoAutomation.test" name="validateTotalRecurringReimbursement" time="0.606"/>
</testsuite> <!-- fitpeoAutomation.test -->
